[debug] [2026-01-12T16:35:23.110Z] ----------------------------------------------------------------------
[debug] [2026-01-12T16:35:23.113Z] Command:       C:\Program Files\nodejs\node.exe C:\Users\besni\AppData\Roaming\npm\node_modules\firebase-tools\lib\bin\firebase.js init
[debug] [2026-01-12T16:35:23.113Z] CLI Version:   15.2.1
[debug] [2026-01-12T16:35:23.113Z] Platform:      win32
[debug] [2026-01-12T16:35:23.113Z] Node Version:  v24.12.0
[debug] [2026-01-12T16:35:23.113Z] Time:          Mon Jan 12 2026 17:35:23 GMT+0100 (Central European Standard Time)
[debug] [2026-01-12T16:35:23.113Z] ----------------------------------------------------------------------
[debug] 
[info] 
     ######## #### ########  ######## ########     ###     ######  ########
     ##        ##  ##     ## ##       ##     ##  ##   ##  ##       ##
     ######    ##  ########  ######   ########  #########  ######  ######
     ##        ##  ##    ##  ##       ##     ## ##     ##       ## ##
     ##       #### ##     ## ######## ########  ##     ##  ######  ########

You're about to initialize a Firebase project in this directory:

  C:\Users\besni\KolonaKufiri

[debug] [2026-01-12T16:35:35.443Z] ExitPromptError: User force closed the prompt with SIGINT
    at Interface.sigint (C:\Users\besni\AppData\Roaming\npm\node_modules\firebase-tools\node_modules\@inquirer\core\dist\commonjs\lib\create-prompt.js:101:37)
    at Interface.emit (node:events:508:28)
    at [_ttyWrite] [as _ttyWrite] (node:internal/readline/interface:1327:18)
    at ReadStream.onkeypress (node:internal/readline/interface:284:20)
    at ReadStream.emit (node:events:520:35)
    at emitKeys (node:internal/readline/utils:371:14)
    at emitKeys.next (<anonymous>)
    at ReadStream.onData (node:internal/readline/emitKeypressEvents:64:36)
    at ReadStream.emit (node:events:508:28)
    at addChunk (node:internal/streams/readable:559:12)
[error] 
[error] Error: An unexpected error has occurred.
